This file contains any messages produced by compilers while
running configure, to aid debugging if configure makes a mistake.

It was created by coredumper configure 1.2.1, which was
generated by GNU Autoconf 2.59.  Invocation command line was

  $ ./configure --host=x86_64-linux-gnu --build=x86_64-linux-gnu --prefix=/usr --mandir=${prefix}/share/man --infodir=${prefix}/share/info

## --------- ##
## Platform. ##
## --------- ##

hostname = aspireOne
uname -m = x86_64
uname -r = 4.15.0-30-generic
uname -s = Linux
uname -v = #32~16.04.1-Ubuntu SMP Thu Jul 26 20:25:39 UTC 2018

/usr/bin/uname -p = unknown
/bin/uname -X     = unknown

/bin/arch              = unknown
/usr/bin/arch -k       = unknown
/usr/convex/getsysinfo = unknown
hostinfo               = unknown
/bin/machine           = unknown
/usr/bin/oslevel       = unknown
/bin/universe          = unknown

PATH: /usr/local/sbin
PATH: /usr/local/bin
PATH: /usr/sbin
PATH: /usr/bin
PATH: /sbin
PATH: /bin
PATH: /snap/bin


## ----------- ##
## Core tests. ##
## ----------- ##

configure:1554: checking for a BSD-compatible install
configure:1609: result: /usr/bin/install -c
configure:1620: checking whether build environment is sane
configure:1663: result: yes
configure:1728: checking for gawk
configure:1757: result: no
configure:1728: checking for mawk
configure:1744: found /usr/bin/mawk
configure:1754: result: mawk
configure:1764: checking whether make sets $(MAKE)
configure:1784: result: yes
configure:1964: checking for x86_64-linux-gnu-gcc
configure:1980: found /usr/bin/x86_64-linux-gnu-gcc
configure:1990: result: x86_64-linux-gnu-gcc
configure:2272: checking for C compiler version
configure:2275: x86_64-linux-gnu-gcc --version </dev/null >&5
x86_64-linux-gnu-gcc (Ubuntu 5.4.0-6ubuntu1~16.04.10) 5.4.0 20160609
Copyright (C) 2015 Free Software Foundation, Inc.
This is free software; see the source for copying conditions.  There is NO
warranty; not even for MERCHANTABILITY or FITNESS FOR A PARTICULAR PURPOSE.

configure:2278: $? = 0
configure:2280: x86_64-linux-gnu-gcc -v </dev/null >&5
Using built-in specs.
COLLECT_GCC=x86_64-linux-gnu-gcc
COLLECT_LTO_WRAPPER=/usr/lib/gcc/x86_64-linux-gnu/5/lto-wrapper
Target: x86_64-linux-gnu
Configured with: ../src/configure -v --with-pkgversion='Ubuntu 5.4.0-6ubuntu1~16.04.10' --with-bugurl=file:///usr/share/doc/gcc-5/README.Bugs --enable-languages=c,ada,c++,java,go,d,fortran,objc,obj-c++ --prefix=/usr --program-suffix=-5 --enable-shared --enable-linker-build-id --libexecdir=/usr/lib --without-included-gettext --enable-threads=posix --libdir=/usr/lib --enable-nls --with-sysroot=/ --enable-clocale=gnu --enable-libstdcxx-debug --enable-libstdcxx-time=yes --with-default-libstdcxx-abi=new --enable-gnu-unique-object --disable-vtable-verify --enable-libmpx --enable-plugin --with-system-zlib --disable-browser-plugin --enable-java-awt=gtk --enable-gtk-cairo --with-java-home=/usr/lib/jvm/java-1.5.0-gcj-5-amd64/jre --enable-java-home --with-jvm-root-dir=/usr/lib/jvm/java-1.5.0-gcj-5-amd64 --with-jvm-jar-dir=/usr/lib/jvm-exports/java-1.5.0-gcj-5-amd64 --with-arch-directory=amd64 --with-ecj-jar=/usr/share/java/eclipse-ecj.jar --enable-objc-gc --enable-multiarch --disable-werror --with-arch-32=i686 --with-abi=m64 --with-multilib-list=m32,m64,mx32 --enable-multilib --with-tune=generic --enable-checking=release --build=x86_64-linux-gnu --host=x86_64-linux-gnu --target=x86_64-linux-gnu
Thread model: posix
gcc version 5.4.0 20160609 (Ubuntu 5.4.0-6ubuntu1~16.04.10) 
configure:2283: $? = 0
configure:2285: x86_64-linux-gnu-gcc -V </dev/null >&5
x86_64-linux-gnu-gcc: error: unrecognized command line option '-V'
x86_64-linux-gnu-gcc: fatal error: no input files
compilation terminated.
configure:2288: $? = 1
configure:2311: checking for C compiler default output file name
configure:2314: x86_64-linux-gnu-gcc -Wall -g -O2   conftest.c  >&5
configure:2317: $? = 0
configure:2363: result: a.out
configure:2368: checking whether the C compiler works
configure:2374: ./a.out
configure:2377: $? = 0
configure:2394: result: yes
configure:2401: checking whether we are cross compiling
configure:2403: result: no
configure:2406: checking for suffix of executables
configure:2408: x86_64-linux-gnu-gcc -o conftest -Wall -g -O2   conftest.c  >&5
configure:2411: $? = 0
configure:2436: result: 
configure:2442: checking for suffix of object files
configure:2463: x86_64-linux-gnu-gcc -c -Wall -g -O2  conftest.c >&5
configure:2466: $? = 0
configure:2488: result: o
configure:2492: checking whether we are using the GNU C compiler
configure:2516: x86_64-linux-gnu-gcc -c -Wall -g -O2  conftest.c >&5
configure:2522: $? = 0
configure:2525: test -z 			 || test ! -s conftest.err
configure:2528: $? = 0
configure:2531: test -s conftest.o
configure:2534: $? = 0
configure:2547: result: yes
configure:2553: checking whether x86_64-linux-gnu-gcc accepts -g
configure:2574: x86_64-linux-gnu-gcc -c -g  conftest.c >&5
configure:2580: $? = 0
configure:2583: test -z 			 || test ! -s conftest.err
configure:2586: $? = 0
configure:2589: test -s conftest.o
configure:2592: $? = 0
configure:2603: result: yes
configure:2620: checking for x86_64-linux-gnu-gcc option to accept ANSI C
configure:2690: x86_64-linux-gnu-gcc  -c -Wall -g -O2  conftest.c >&5
configure:2696: $? = 0
configure:2699: test -z 			 || test ! -s conftest.err
configure:2702: $? = 0
configure:2705: test -s conftest.o
configure:2708: $? = 0
configure:2726: result: none needed
configure:2744: x86_64-linux-gnu-gcc -c -Wall -g -O2  conftest.c >&5
conftest.c:2:3: error: unknown type name 'choke'
   choke me
   ^
conftest.c:2:3: error: expected '=', ',', ';', 'asm' or '__attribute__' at end of input
configure:2750: $? = 1
configure: failed program was:
| #ifndef __cplusplus
|   choke me
| #endif
configure:2891: checking for style of include used by make
configure:2919: result: GNU
configure:2947: checking dependency style of x86_64-linux-gnu-gcc
configure:3037: result: gcc3
configure:3066: checking for x86_64-linux-gnu-g++
configure:3082: found /usr/bin/x86_64-linux-gnu-g++
configure:3092: result: x86_64-linux-gnu-g++
configure:3150: checking for C++ compiler version
configure:3153: x86_64-linux-gnu-g++ --version </dev/null >&5
x86_64-linux-gnu-g++ (Ubuntu 5.4.0-6ubuntu1~16.04.10) 5.4.0 20160609
Copyright (C) 2015 Free Software Foundation, Inc.
This is free software; see the source for copying conditions.  There is NO
warranty; not even for MERCHANTABILITY or FITNESS FOR A PARTICULAR PURPOSE.

configure:3156: $? = 0
configure:3158: x86_64-linux-gnu-g++ -v </dev/null >&5
Using built-in specs.
COLLECT_GCC=x86_64-linux-gnu-g++
COLLECT_LTO_WRAPPER=/usr/lib/gcc/x86_64-linux-gnu/5/lto-wrapper
Target: x86_64-linux-gnu
Configured with: ../src/configure -v --with-pkgversion='Ubuntu 5.4.0-6ubuntu1~16.04.10' --with-bugurl=file:///usr/share/doc/gcc-5/README.Bugs --enable-languages=c,ada,c++,java,go,d,fortran,objc,obj-c++ --prefix=/usr --program-suffix=-5 --enable-shared --enable-linker-build-id --libexecdir=/usr/lib --without-included-gettext --enable-threads=posix --libdir=/usr/lib --enable-nls --with-sysroot=/ --enable-clocale=gnu --enable-libstdcxx-debug --enable-libstdcxx-time=yes --with-default-libstdcxx-abi=new --enable-gnu-unique-object --disable-vtable-verify --enable-libmpx --enable-plugin --with-system-zlib --disable-browser-plugin --enable-java-awt=gtk --enable-gtk-cairo --with-java-home=/usr/lib/jvm/java-1.5.0-gcj-5-amd64/jre --enable-java-home --with-jvm-root-dir=/usr/lib/jvm/java-1.5.0-gcj-5-amd64 --with-jvm-jar-dir=/usr/lib/jvm-exports/java-1.5.0-gcj-5-amd64 --with-arch-directory=amd64 --with-ecj-jar=/usr/share/java/eclipse-ecj.jar --enable-objc-gc --enable-multiarch --disable-werror --with-arch-32=i686 --with-abi=m64 --with-multilib-list=m32,m64,mx32 --enable-multilib --with-tune=generic --enable-checking=release --build=x86_64-linux-gnu --host=x86_64-linux-gnu --target=x86_64-linux-gnu
Thread model: posix
gcc version 5.4.0 20160609 (Ubuntu 5.4.0-6ubuntu1~16.04.10) 
configure:3161: $? = 0
configure:3163: x86_64-linux-gnu-g++ -V </dev/null >&5
x86_64-linux-gnu-g++: error: unrecognized command line option '-V'
x86_64-linux-gnu-g++: fatal error: no input files
compilation terminated.
configure:3166: $? = 1
configure:3169: checking whether we are using the GNU C++ compiler
configure:3193: x86_64-linux-gnu-g++ -c   conftest.cc >&5
configure:3199: $? = 0
configure:3202: test -z 			 || test ! -s conftest.err
configure:3205: $? = 0
configure:3208: test -s conftest.o
configure:3211: $? = 0
configure:3224: result: yes
configure:3230: checking whether x86_64-linux-gnu-g++ accepts -g
configure:3251: x86_64-linux-gnu-g++ -c -g  conftest.cc >&5
configure:3257: $? = 0
configure:3260: test -z 			 || test ! -s conftest.err
configure:3263: $? = 0
configure:3266: test -s conftest.o
configure:3269: $? = 0
configure:3280: result: yes
configure:3322: x86_64-linux-gnu-g++ -c -g -O2  conftest.cc >&5
configure:3328: $? = 0
configure:3331: test -z 			 || test ! -s conftest.err
configure:3334: $? = 0
configure:3337: test -s conftest.o
configure:3340: $? = 0
configure:3366: x86_64-linux-gnu-g++ -c -g -O2  conftest.cc >&5
conftest.cc: In function 'int main()':
conftest.cc:15:9: error: 'exit' was not declared in this scope
 exit (42);
         ^
configure:3372: $? = 1
configure: failed program was:
| /* confdefs.h.  */
| 
| #define PACKAGE_NAME "coredumper"
| #define PACKAGE_TARNAME "coredumper"
| #define PACKAGE_VERSION "1.2.1"
| #define PACKAGE_STRING "coredumper 1.2.1"
| #define PACKAGE_BUGREPORT "opensource@google.com"
| #define PACKAGE "coredumper"
| #define VERSION "1.2.1"
| /* end confdefs.h.  */
| 
| int
| main ()
| {
| exit (42);
|   ;
|   return 0;
| }
configure:3322: x86_64-linux-gnu-g++ -c -g -O2  conftest.cc >&5
conftest.cc:11:40: error: 'void std::exit(int)' should have been declared inside 'std'
 extern "C" void std::exit (int) throw (); using std::exit;
                                        ^
configure:3328: $? = 1
configure: failed program was:
| /* confdefs.h.  */
| 
| #define PACKAGE_NAME "coredumper"
| #define PACKAGE_TARNAME "coredumper"
| #define PACKAGE_VERSION "1.2.1"
| #define PACKAGE_STRING "coredumper 1.2.1"
| #define PACKAGE_BUGREPORT "opensource@google.com"
| #define PACKAGE "coredumper"
| #define VERSION "1.2.1"
| /* end confdefs.h.  */
| extern "C" void std::exit (int) throw (); using std::exit;
| #include <stdlib.h>
| int
| main ()
| {
| exit (42);
|   ;
|   return 0;
| }
configure:3322: x86_64-linux-gnu-g++ -c -g -O2  conftest.cc >&5
conftest.cc:11:31: error: 'void std::exit(int)' should have been declared inside 'std'
 extern "C" void std::exit (int); using std::exit;
                               ^
In file included from conftest.cc:12:0:
/usr/include/stdlib.h:543:70: error: declaration of 'void std::exit(int) throw ()' has a different exception specifier
 extern void exit (int __status) __THROW __attribute__ ((__noreturn__));
                                                                      ^
conftest.cc:11:17: error: from previous declaration 'void std::exit(int)'
 extern "C" void std::exit (int); using std::exit;
                 ^
configure:3328: $? = 1
configure: failed program was:
| /* confdefs.h.  */
| 
| #define PACKAGE_NAME "coredumper"
| #define PACKAGE_TARNAME "coredumper"
| #define PACKAGE_VERSION "1.2.1"
| #define PACKAGE_STRING "coredumper 1.2.1"
| #define PACKAGE_BUGREPORT "opensource@google.com"
| #define PACKAGE "coredumper"
| #define VERSION "1.2.1"
| /* end confdefs.h.  */
| extern "C" void std::exit (int); using std::exit;
| #include <stdlib.h>
| int
| main ()
| {
| exit (42);
|   ;
|   return 0;
| }
configure:3322: x86_64-linux-gnu-g++ -c -g -O2  conftest.cc >&5
configure:3328: $? = 0
configure:3331: test -z 			 || test ! -s conftest.err
configure:3334: $? = 0
configure:3337: test -s conftest.o
configure:3340: $? = 0
configure:3366: x86_64-linux-gnu-g++ -c -g -O2  conftest.cc >&5
configure:3372: $? = 0
configure:3375: test -z 			 || test ! -s conftest.err
configure:3378: $? = 0
configure:3381: test -s conftest.o
configure:3384: $? = 0
configure:3409: checking dependency style of x86_64-linux-gnu-g++
configure:3499: result: gcc3
configure:3529: checking for a BSD-compatible install
configure:3584: result: /usr/bin/install -c
configure:3674: checking build system type
configure:3692: result: x86_64-pc-linux-gnu
configure:3700: checking host system type
configure:3714: result: x86_64-pc-linux-gnu
configure:3722: checking for a sed that does not truncate output
configure:3776: result: /bin/sed
configure:3779: checking for egrep
configure:3789: result: grep -E
configure:3805: checking for ld used by x86_64-linux-gnu-gcc
configure:3872: result: /usr/bin/ld
configure:3881: checking if the linker (/usr/bin/ld) is GNU ld
configure:3896: result: yes
configure:3901: checking for /usr/bin/ld option to reload object files
configure:3908: result: -r
configure:3926: checking for BSD-compatible nm
configure:3975: result: /usr/bin/nm -B
configure:3979: checking whether ln -s works
configure:3983: result: yes
configure:3990: checking how to recognise dependent libraries
configure:4166: result: pass_all
configure:4254: x86_64-linux-gnu-gcc -c -Wall -g -O2  conftest.c >&5
configure:4257: $? = 0
configure:4402: checking how to run the C preprocessor
configure:4437: x86_64-linux-gnu-gcc -E  conftest.c
configure:4443: $? = 0
configure:4475: x86_64-linux-gnu-gcc -E  conftest.c
conftest.c:14:28: fatal error: ac_nonexistent.h: No such file or directory
compilation terminated.
configure:4481: $? = 1
configure: failed program was:
| /* confdefs.h.  */
| 
| #define PACKAGE_NAME "coredumper"
| #define PACKAGE_TARNAME "coredumper"
| #define PACKAGE_VERSION "1.2.1"
| #define PACKAGE_STRING "coredumper 1.2.1"
| #define PACKAGE_BUGREPORT "opensource@google.com"
| #define PACKAGE "coredumper"
| #define VERSION "1.2.1"
| #ifdef __cplusplus
| extern "C" void exit (int) throw ();
| #endif
| /* end confdefs.h.  */
| #include <ac_nonexistent.h>
configure:4520: result: x86_64-linux-gnu-gcc -E
configure:4544: x86_64-linux-gnu-gcc -E  conftest.c
configure:4550: $? = 0
configure:4582: x86_64-linux-gnu-gcc -E  conftest.c
conftest.c:14:28: fatal error: ac_nonexistent.h: No such file or directory
compilation terminated.
configure:4588: $? = 1
configure: failed program was:
| /* confdefs.h.  */
| 
| #define PACKAGE_NAME "coredumper"
| #define PACKAGE_TARNAME "coredumper"
| #define PACKAGE_VERSION "1.2.1"
| #define PACKAGE_STRING "coredumper 1.2.1"
| #define PACKAGE_BUGREPORT "opensource@google.com"
| #define PACKAGE "coredumper"
| #define VERSION "1.2.1"
| #ifdef __cplusplus
| extern "C" void exit (int) throw ();
| #endif
| /* end confdefs.h.  */
| #include <ac_nonexistent.h>
configure:4632: checking for ANSI C header files
configure:4657: x86_64-linux-gnu-gcc -c -Wall -g -O2  conftest.c >&5
configure:4663: $? = 0
configure:4666: test -z 			 || test ! -s conftest.err
configure:4669: $? = 0
configure:4672: test -s conftest.o
configure:4675: $? = 0
configure:4764: x86_64-linux-gnu-gcc -o conftest -Wall -g -O2   conftest.c  >&5
conftest.c: In function 'main':
conftest.c:31:7: warning: implicit declaration of function 'exit' [-Wimplicit-function-declaration]
       exit(2);
       ^
conftest.c:31:7: warning: incompatible implicit declaration of built-in function 'exit'
conftest.c:31:7: note: include '<stdlib.h>' or provide a declaration of 'exit'
conftest.c:32:3: warning: incompatible implicit declaration of built-in function 'exit'
   exit (0);
   ^
conftest.c:32:3: note: include '<stdlib.h>' or provide a declaration of 'exit'
configure:4767: $? = 0
configure:4769: ./conftest
configure:4772: $? = 0
configure:4787: result: yes
configure:4811: checking for sys/types.h
configure:4827: x86_64-linux-gnu-gcc -c -Wall -g -O2  conftest.c >&5
configure:4833: $? = 0
configure:4836: test -z 			 || test ! -s conftest.err
configure:4839: $? = 0
configure:4842: test -s conftest.o
configure:4845: $? = 0
configure:4856: result: yes
configure:4811: checking for sys/stat.h
configure:4827: x86_64-linux-gnu-gcc -c -Wall -g -O2  conftest.c >&5
configure:4833: $? = 0
configure:4836: test -z 			 || test ! -s conftest.err
configure:4839: $? = 0
configure:4842: test -s conftest.o
configure:4845: $? = 0
configure:4856: result: yes
configure:4811: checking for stdlib.h
configure:4827: x86_64-linux-gnu-gcc -c -Wall -g -O2  conftest.c >&5
configure:4833: $? = 0
configure:4836: test -z 			 || test ! -s conftest.err
configure:4839: $? = 0
configure:4842: test -s conftest.o
configure:4845: $? = 0
configure:4856: result: yes
configure:4811: checking for string.h
configure:4827: x86_64-linux-gnu-gcc -c -Wall -g -O2  conftest.c >&5
configure:4833: $? = 0
configure:4836: test -z 			 || test ! -s conftest.err
configure:4839: $? = 0
configure:4842: test -s conftest.o
configure:4845: $? = 0
configure:4856: result: yes
configure:4811: checking for memory.h
configure:4827: x86_64-linux-gnu-gcc -c -Wall -g -O2  conftest.c >&5
configure:4833: $? = 0
configure:4836: test -z 			 || test ! -s conftest.err
configure:4839: $? = 0
configure:4842: test -s conftest.o
configure:4845: $? = 0
configure:4856: result: yes
configure:4811: checking for strings.h
configure:4827: x86_64-linux-gnu-gcc -c -Wall -g -O2  conftest.c >&5
configure:4833: $? = 0
configure:4836: test -z 			 || test ! -s conftest.err
configure:4839: $? = 0
configure:4842: test -s conftest.o
configure:4845: $? = 0
configure:4856: result: yes
configure:4811: checking for inttypes.h
configure:4827: x86_64-linux-gnu-gcc -c -Wall -g -O2  conftest.c >&5
configure:4833: $? = 0
configure:4836: test -z 			 || test ! -s conftest.err
configure:4839: $? = 0
configure:4842: test -s conftest.o
configure:4845: $? = 0
configure:4856: result: yes
configure:4811: checking for stdint.h
configure:4827: x86_64-linux-gnu-gcc -c -Wall -g -O2  conftest.c >&5
configure:4833: $? = 0
configure:4836: test -z 			 || test ! -s conftest.err
configure:4839: $? = 0
configure:4842: test -s conftest.o
configure:4845: $? = 0
configure:4856: result: yes
configure:4811: checking for unistd.h
configure:4827: x86_64-linux-gnu-gcc -c -Wall -g -O2  conftest.c >&5
configure:4833: $? = 0
configure:4836: test -z 			 || test ! -s conftest.err
configure:4839: $? = 0
configure:4842: test -s conftest.o
configure:4845: $? = 0
configure:4856: result: yes
configure:4882: checking dlfcn.h usability
configure:4894: x86_64-linux-gnu-gcc -c -Wall -g -O2  conftest.c >&5
configure:4900: $? = 0
configure:4903: test -z 			 || test ! -s conftest.err
configure:4906: $? = 0
configure:4909: test -s conftest.o
configure:4912: $? = 0
configure:4922: result: yes
configure:4926: checking dlfcn.h presence
configure:4936: x86_64-linux-gnu-gcc -E  conftest.c
configure:4942: $? = 0
configure:4962: result: yes
configure:4997: checking for dlfcn.h
configure:5004: result: yes
configure:5027: checking how to run the C++ preprocessor
configure:5058: x86_64-linux-gnu-g++ -E  conftest.cc
configure:5064: $? = 0
configure:5096: x86_64-linux-gnu-g++ -E  conftest.cc
conftest.cc:25:28: fatal error: ac_nonexistent.h: No such file or directory
compilation terminated.
configure:5102: $? = 1
configure: failed program was:
| /* confdefs.h.  */
| 
| #define PACKAGE_NAME "coredumper"
| #define PACKAGE_TARNAME "coredumper"
| #define PACKAGE_VERSION "1.2.1"
| #define PACKAGE_STRING "coredumper 1.2.1"
| #define PACKAGE_BUGREPORT "opensource@google.com"
| #define PACKAGE "coredumper"
| #define VERSION "1.2.1"
| #ifdef __cplusplus
| extern "C" void exit (int) throw ();
| #endif
| #define STDC_HEADERS 1
| #define HAVE_SYS_TYPES_H 1
| #define HAVE_SYS_STAT_H 1
| #define HAVE_STDLIB_H 1
| #define HAVE_STRING_H 1
| #define HAVE_MEMORY_H 1
| #define HAVE_STRINGS_H 1
| #define HAVE_INTTYPES_H 1
| #define HAVE_STDINT_H 1
| #define HAVE_UNISTD_H 1
| #define HAVE_DLFCN_H 1
| /* end confdefs.h.  */
| #include <ac_nonexistent.h>
configure:5141: result: x86_64-linux-gnu-g++ -E
configure:5165: x86_64-linux-gnu-g++ -E  conftest.cc
configure:5171: $? = 0
configure:5203: x86_64-linux-gnu-g++ -E  conftest.cc
conftest.cc:25:28: fatal error: ac_nonexistent.h: No such file or directory
compilation terminated.
configure:5209: $? = 1
configure: failed program was:
| /* confdefs.h.  */
| 
| #define PACKAGE_NAME "coredumper"
| #define PACKAGE_TARNAME "coredumper"
| #define PACKAGE_VERSION "1.2.1"
| #define PACKAGE_STRING "coredumper 1.2.1"
| #define PACKAGE_BUGREPORT "opensource@google.com"
| #define PACKAGE "coredumper"
| #define VERSION "1.2.1"
| #ifdef __cplusplus
| extern "C" void exit (int) throw ();
| #endif
| #define STDC_HEADERS 1
| #define HAVE_SYS_TYPES_H 1
| #define HAVE_SYS_STAT_H 1
| #define HAVE_STDLIB_H 1
| #define HAVE_STRING_H 1
| #define HAVE_MEMORY_H 1
| #define HAVE_STRINGS_H 1
| #define HAVE_INTTYPES_H 1
| #define HAVE_STDINT_H 1
| #define HAVE_UNISTD_H 1
| #define HAVE_DLFCN_H 1
| /* end confdefs.h.  */
| #include <ac_nonexistent.h>
configure:5264: checking for x86_64-linux-gnu-g77
configure:5293: result: no
configure:5264: checking for x86_64-linux-gnu-f77
configure:5293: result: no
configure:5264: checking for x86_64-linux-gnu-xlf
configure:5293: result: no
configure:5264: checking for x86_64-linux-gnu-frt
configure:5293: result: no
configure:5264: checking for x86_64-linux-gnu-pgf77
configure:5293: result: no
configure:5264: checking for x86_64-linux-gnu-fort77
configure:5293: result: no
configure:5264: checking for x86_64-linux-gnu-fl32
configure:5293: result: no
configure:5264: checking for x86_64-linux-gnu-af77
configure:5293: result: no
configure:5264: checking for x86_64-linux-gnu-f90
configure:5293: result: no
configure:5264: checking for x86_64-linux-gnu-xlf90
configure:5293: result: no
configure:5264: checking for x86_64-linux-gnu-pgf90
configure:5293: result: no
configure:5264: checking for x86_64-linux-gnu-epcf90
configure:5293: result: no
configure:5264: checking for x86_64-linux-gnu-f95
configure:5293: result: no
configure:5264: checking for x86_64-linux-gnu-fort
configure:5293: result: no
configure:5264: checking for x86_64-linux-gnu-xlf95
configure:5293: result: no
configure:5264: checking for x86_64-linux-gnu-ifc
configure:5293: result: no
configure:5264: checking for x86_64-linux-gnu-efc
configure:5293: result: no
configure:5264: checking for x86_64-linux-gnu-pgf95
configure:5293: result: no
configure:5264: checking for x86_64-linux-gnu-lf95
configure:5293: result: no
configure:5264: checking for x86_64-linux-gnu-gfortran
configure:5280: found /usr/bin/x86_64-linux-gnu-gfortran
configure:5290: result: x86_64-linux-gnu-gfortran
configure:5347: checking for Fortran 77 compiler version
configure:5350: x86_64-linux-gnu-gfortran --version </dev/null >&5
GNU Fortran (Ubuntu 5.4.0-6ubuntu1~16.04.10) 5.4.0 20160609
Copyright (C) 2015 Free Software Foundation, Inc.

GNU Fortran comes with NO WARRANTY, to the extent permitted by law.
You may redistribute copies of GNU Fortran
under the terms of the GNU General Public License.
For more information about these matters, see the file named COPYING

configure:5353: $? = 0
configure:5355: x86_64-linux-gnu-gfortran -v </dev/null >&5
Using built-in specs.
COLLECT_GCC=x86_64-linux-gnu-gfortran
COLLECT_LTO_WRAPPER=/usr/lib/gcc/x86_64-linux-gnu/5/lto-wrapper
Target: x86_64-linux-gnu
Configured with: ../src/configure -v --with-pkgversion='Ubuntu 5.4.0-6ubuntu1~16.04.10' --with-bugurl=file:///usr/share/doc/gcc-5/README.Bugs --enable-languages=c,ada,c++,java,go,d,fortran,objc,obj-c++ --prefix=/usr --program-suffix=-5 --enable-shared --enable-linker-build-id --libexecdir=/usr/lib --without-included-gettext --enable-threads=posix --libdir=/usr/lib --enable-nls --with-sysroot=/ --enable-clocale=gnu --enable-libstdcxx-debug --enable-libstdcxx-time=yes --with-default-libstdcxx-abi=new --enable-gnu-unique-object --disable-vtable-verify --enable-libmpx --enable-plugin --with-system-zlib --disable-browser-plugin --enable-java-awt=gtk --enable-gtk-cairo --with-java-home=/usr/lib/jvm/java-1.5.0-gcj-5-amd64/jre --enable-java-home --with-jvm-root-dir=/usr/lib/jvm/java-1.5.0-gcj-5-amd64 --with-jvm-jar-dir=/usr/lib/jvm-exports/java-1.5.0-gcj-5-amd64 --with-arch-directory=amd64 --with-ecj-jar=/usr/share/java/eclipse-ecj.jar --enable-objc-gc --enable-multiarch --disable-werror --with-arch-32=i686 --with-abi=m64 --with-multilib-list=m32,m64,mx32 --enable-multilib --with-tune=generic --enable-checking=release --build=x86_64-linux-gnu --host=x86_64-linux-gnu --target=x86_64-linux-gnu
Thread model: posix
gcc version 5.4.0 20160609 (Ubuntu 5.4.0-6ubuntu1~16.04.10) 
configure:5358: $? = 0
configure:5360: x86_64-linux-gnu-gfortran -V </dev/null >&5
x86_64-linux-gnu-gfortran: error: unrecognized command line option '-V'
x86_64-linux-gnu-gfortran: fatal error: no input files
compilation terminated.
configure:5363: $? = 1
configure:5371: checking whether we are using the GNU Fortran 77 compiler
configure:5385: x86_64-linux-gnu-gfortran -c  conftest.F >&5
configure:5391: $? = 0
configure:5394: test -z 			 || test ! -s conftest.err
configure:5397: $? = 0
configure:5400: test -s conftest.o
configure:5403: $? = 0
configure:5416: result: yes
configure:5422: checking whether x86_64-linux-gnu-gfortran accepts -g
configure:5434: x86_64-linux-gnu-gfortran -c -g conftest.f >&5
configure:5440: $? = 0
configure:5443: test -z 			 || test ! -s conftest.err
configure:5446: $? = 0
configure:5449: test -s conftest.o
configure:5452: $? = 0
configure:5464: result: yes
configure:5494: checking the maximum length of command line arguments
configure:5603: result: 32768
configure:5614: checking command to parse /usr/bin/nm -B output from x86_64-linux-gnu-gcc object
configure:5719: x86_64-linux-gnu-gcc -c -Wall -g -O2  conftest.c >&5
configure:5722: $? = 0
configure:5726: /usr/bin/nm -B conftest.o \| sed -n -e 's/^.*[ 	]\([ABCDGIRSTW][ABCDGIRSTW]*\)[ 	][ 	]*\([_A-Za-z][_A-Za-z0-9]*\)$/\1 \2 \2/p' \> conftest.nm
configure:5729: $? = 0
configure:5781: x86_64-linux-gnu-gcc -o conftest -Wall -g -O2   conftest.c conftstm.o >&5
configure:5784: $? = 0
configure:5822: result: ok
configure:5826: checking for objdir
configure:5841: result: .libs
configure:5893: checking for x86_64-linux-gnu-ar
configure:5909: found /usr/bin/x86_64-linux-gnu-ar
configure:5919: result: x86_64-linux-gnu-ar
configure:5973: checking for x86_64-linux-gnu-ranlib
configure:5989: found /usr/bin/x86_64-linux-gnu-ranlib
configure:5999: result: x86_64-linux-gnu-ranlib
configure:6053: checking for x86_64-linux-gnu-strip
configure:6069: found /usr/bin/x86_64-linux-gnu-strip
configure:6079: result: x86_64-linux-gnu-strip
configure:6390: checking if x86_64-linux-gnu-gcc supports -fno-rtti -fno-exceptions
configure:6408: x86_64-linux-gnu-gcc -c -Wall -g -O2  -fno-rtti -fno-exceptions conftest.c >&5
cc1: warning: command line option '-fno-rtti' is valid for C++/ObjC++ but not for C
configure:6412: $? = 0
configure:6425: result: no
configure:6440: checking for x86_64-linux-gnu-gcc option to produce PIC
configure:6650: result: -fPIC
configure:6658: checking if x86_64-linux-gnu-gcc PIC flag -fPIC works
configure:6676: x86_64-linux-gnu-gcc -c -Wall -g -O2  -fPIC -DPIC conftest.c >&5
configure:6680: $? = 0
configure:6693: result: yes
configure:6721: checking if x86_64-linux-gnu-gcc static flag -static works
configure:6749: result: yes
configure:6759: checking if x86_64-linux-gnu-gcc supports -c -o file.o
configure:6780: x86_64-linux-gnu-gcc -c -Wall -g -O2  -o out/conftest2.o conftest.c >&5
configure:6784: $? = 0
configure:6806: result: yes
configure:6832: checking whether the x86_64-linux-gnu-gcc linker (/usr/bin/ld -m elf_x86_64) supports shared libraries
configure:7798: result: yes
configure:7819: checking whether -lc should be explicitly linked in
configure:7824: x86_64-linux-gnu-gcc -c -Wall -g -O2  conftest.c >&5
configure:7827: $? = 0
configure:7842: x86_64-linux-gnu-gcc -shared conftest.o  -v -Wl,-soname -Wl,conftest -o conftest 2\>\&1 \| grep  -lc  \>/dev/null 2\>\&1
configure:7845: $? = 0
configure:7857: result: no
configure:7865: checking dynamic linker characteristics
configure:8465: result: GNU/Linux ld.so
configure:8474: checking how to hardcode library paths into programs
configure:8499: result: immediate
configure:8513: checking whether stripping libraries is possible
configure:8518: result: yes
configure:9345: checking if libtool supports shared libraries
configure:9347: result: yes
configure:9350: checking whether to build shared libraries
configure:9371: result: yes
configure:9374: checking whether to build static libraries
configure:9378: result: yes
configure:9470: creating libtool
configure:10058: checking for ld used by x86_64-linux-gnu-g++
configure:10125: result: /usr/bin/ld -m elf_x86_64
configure:10134: checking if the linker (/usr/bin/ld -m elf_x86_64) is GNU ld
configure:10149: result: yes
configure:10200: checking whether the x86_64-linux-gnu-g++ linker (/usr/bin/ld -m elf_x86_64) supports shared libraries
configure:11136: result: yes
configure:11154: x86_64-linux-gnu-g++ -c -g -O2  conftest.cpp >&5
configure:11157: $? = 0
configure:11276: checking for x86_64-linux-gnu-g++ option to produce PIC
configure:11550: result: -fPIC
configure:11558: checking if x86_64-linux-gnu-g++ PIC flag -fPIC works
configure:11576: x86_64-linux-gnu-g++ -c -g -O2  -fPIC -DPIC conftest.cpp >&5
configure:11580: $? = 0
configure:11593: result: yes
configure:11621: checking if x86_64-linux-gnu-g++ static flag -static works
configure:11649: result: yes
configure:11659: checking if x86_64-linux-gnu-g++ supports -c -o file.o
configure:11680: x86_64-linux-gnu-g++ -c -g -O2  -o out/conftest2.o conftest.cpp >&5
configure:11684: $? = 0
configure:11706: result: yes
configure:11732: checking whether the x86_64-linux-gnu-g++ linker (/usr/bin/ld -m elf_x86_64) supports shared libraries
configure:11763: result: yes
configure:11830: checking dynamic linker characteristics
configure:12430: result: GNU/Linux ld.so
configure:12439: checking how to hardcode library paths into programs
configure:12464: result: immediate
configure:12990: checking if libtool supports shared libraries
configure:12992: result: yes
configure:12995: checking whether to build shared libraries
configure:13015: result: yes
configure:13018: checking whether to build static libraries
configure:13022: result: yes
configure:13032: checking for x86_64-linux-gnu-gfortran option to produce PIC
configure:13242: result: -fPIC
configure:13250: checking if x86_64-linux-gnu-gfortran PIC flag -fPIC works
configure:13268: x86_64-linux-gnu-gfortran -c -g -O2 -fPIC conftest.f >&5
configure:13272: $? = 0
configure:13285: result: yes
configure:13313: checking if x86_64-linux-gnu-gfortran static flag -static works
configure:13341: result: yes
configure:13351: checking if x86_64-linux-gnu-gfortran supports -c -o file.o
configure:13372: x86_64-linux-gnu-gfortran -c -g -O2 -o out/conftest2.o conftest.f >&5
configure:13376: $? = 0
configure:13398: result: yes
configure:13424: checking whether the x86_64-linux-gnu-gfortran linker (/usr/bin/ld -m elf_x86_64) supports shared libraries
configure:14370: result: yes
configure:14437: checking dynamic linker characteristics
configure:15037: result: GNU/Linux ld.so
configure:15046: checking how to hardcode library paths into programs
configure:15071: result: immediate
configure:18657: checking for ANSI C header files
configure:18812: result: yes
configure:18859: checking elf.h usability
configure:18871: x86_64-linux-gnu-gcc -c -Wall -g -O2  conftest.c >&5
configure:18877: $? = 0
configure:18880: test -z 			 || test ! -s conftest.err
configure:18883: $? = 0
configure:18886: test -s conftest.o
configure:18889: $? = 0
configure:18899: result: yes
configure:18903: checking elf.h presence
configure:18913: x86_64-linux-gnu-gcc -E  conftest.c
configure:18919: $? = 0
configure:18939: result: yes
configure:18974: checking for elf.h
configure:18981: result: yes
configure:18859: checking errno.h usability
configure:18871: x86_64-linux-gnu-gcc -c -Wall -g -O2  conftest.c >&5
configure:18877: $? = 0
configure:18880: test -z 			 || test ! -s conftest.err
configure:18883: $? = 0
configure:18886: test -s conftest.o
configure:18889: $? = 0
configure:18899: result: yes
configure:18903: checking errno.h presence
configure:18913: x86_64-linux-gnu-gcc -E  conftest.c
configure:18919: $? = 0
configure:18939: result: yes
configure:18974: checking for errno.h
configure:18981: result: yes
configure:18859: checking fcntl.h usability
configure:18871: x86_64-linux-gnu-gcc -c -Wall -g -O2  conftest.c >&5
configure:18877: $? = 0
configure:18880: test -z 			 || test ! -s conftest.err
configure:18883: $? = 0
configure:18886: test -s conftest.o
configure:18889: $? = 0
configure:18899: result: yes
configure:18903: checking fcntl.h presence
configure:18913: x86_64-linux-gnu-gcc -E  conftest.c
configure:18919: $? = 0
configure:18939: result: yes
configure:18974: checking for fcntl.h
configure:18981: result: yes
configure:18859: checking linux/unistd.h usability
configure:18871: x86_64-linux-gnu-gcc -c -Wall -g -O2  conftest.c >&5
configure:18877: $? = 0
configure:18880: test -z 			 || test ! -s conftest.err
configure:18883: $? = 0
configure:18886: test -s conftest.o
configure:18889: $? = 0
configure:18899: result: yes
configure:18903: checking linux/unistd.h presence
configure:18913: x86_64-linux-gnu-gcc -E  conftest.c
configure:18919: $? = 0
configure:18939: result: yes
configure:18974: checking for linux/unistd.h
configure:18981: result: yes
configure:18859: checking pthread.h usability
configure:18871: x86_64-linux-gnu-gcc -c -Wall -g -O2  conftest.c >&5
configure:18877: $? = 0
configure:18880: test -z 			 || test ! -s conftest.err
configure:18883: $? = 0
configure:18886: test -s conftest.o
configure:18889: $? = 0
configure:18899: result: yes
configure:18903: checking pthread.h presence
configure:18913: x86_64-linux-gnu-gcc -E  conftest.c
configure:18919: $? = 0
configure:18939: result: yes
configure:18974: checking for pthread.h
configure:18981: result: yes
configure:18859: checking signal.h usability
configure:18871: x86_64-linux-gnu-gcc -c -Wall -g -O2  conftest.c >&5
configure:18877: $? = 0
configure:18880: test -z 			 || test ! -s conftest.err
configure:18883: $? = 0
configure:18886: test -s conftest.o
configure:18889: $? = 0
configure:18899: result: yes
configure:18903: checking signal.h presence
configure:18913: x86_64-linux-gnu-gcc -E  conftest.c
configure:18919: $? = 0
configure:18939: result: yes
configure:18974: checking for signal.h
configure:18981: result: yes
configure:18850: checking for stdlib.h
configure:18855: result: yes
configure:18850: checking for string.h
configure:18855: result: yes
configure:18859: checking sys/prctl.h usability
configure:18871: x86_64-linux-gnu-gcc -c -Wall -g -O2  conftest.c >&5
configure:18877: $? = 0
configure:18880: test -z 			 || test ! -s conftest.err
configure:18883: $? = 0
configure:18886: test -s conftest.o
configure:18889: $? = 0
configure:18899: result: yes
configure:18903: checking sys/prctl.h presence
configure:18913: x86_64-linux-gnu-gcc -E  conftest.c
configure:18919: $? = 0
configure:18939: result: yes
configure:18974: checking for sys/prctl.h
configure:18981: result: yes
configure:18859: checking sys/ptrace.h usability
configure:18871: x86_64-linux-gnu-gcc -c -Wall -g -O2  conftest.c >&5
configure:18877: $? = 0
configure:18880: test -z 			 || test ! -s conftest.err
configure:18883: $? = 0
configure:18886: test -s conftest.o
configure:18889: $? = 0
configure:18899: result: yes
configure:18903: checking sys/ptrace.h presence
configure:18913: x86_64-linux-gnu-gcc -E  conftest.c
configure:18919: $? = 0
configure:18939: result: yes
configure:18974: checking for sys/ptrace.h
configure:18981: result: yes
configure:18859: checking sys/resource.h usability
configure:18871: x86_64-linux-gnu-gcc -c -Wall -g -O2  conftest.c >&5
configure:18877: $? = 0
configure:18880: test -z 			 || test ! -s conftest.err
configure:18883: $? = 0
configure:18886: test -s conftest.o
configure:18889: $? = 0
configure:18899: result: yes
configure:18903: checking sys/resource.h presence
configure:18913: x86_64-linux-gnu-gcc -E  conftest.c
configure:18919: $? = 0
configure:18939: result: yes
configure:18974: checking for sys/resource.h
configure:18981: result: yes
configure:18859: checking sys/socket.h usability
configure:18871: x86_64-linux-gnu-gcc -c -Wall -g -O2  conftest.c >&5
configure:18877: $? = 0
configure:18880: test -z 			 || test ! -s conftest.err
configure:18883: $? = 0
configure:18886: test -s conftest.o
configure:18889: $? = 0
configure:18899: result: yes
configure:18903: checking sys/socket.h presence
configure:18913: x86_64-linux-gnu-gcc -E  conftest.c
configure:18919: $? = 0
configure:18939: result: yes
configure:18974: checking for sys/socket.h
configure:18981: result: yes
configure:18850: checking for sys/stat.h
configure:18855: result: yes
configure:18859: checking sys/sysctl.h usability
configure:18871: x86_64-linux-gnu-gcc -c -Wall -g -O2  conftest.c >&5
configure:18877: $? = 0
configure:18880: test -z 			 || test ! -s conftest.err
configure:18883: $? = 0
configure:18886: test -s conftest.o
configure:18889: $? = 0
configure:18899: result: yes
configure:18903: checking sys/sysctl.h presence
configure:18913: x86_64-linux-gnu-gcc -E  conftest.c
configure:18919: $? = 0
configure:18939: result: yes
configure:18974: checking for sys/sysctl.h
configure:18981: result: yes
configure:18859: checking sys/time.h usability
configure:18871: x86_64-linux-gnu-gcc -c -Wall -g -O2  conftest.c >&5
configure:18877: $? = 0
configure:18880: test -z 			 || test ! -s conftest.err
configure:18883: $? = 0
configure:18886: test -s conftest.o
configure:18889: $? = 0
configure:18899: result: yes
configure:18903: checking sys/time.h presence
configure:18913: x86_64-linux-gnu-gcc -E  conftest.c
configure:18919: $? = 0
configure:18939: result: yes
configure:18974: checking for sys/time.h
configure:18981: result: yes
configure:18850: checking for sys/types.h
configure:18855: result: yes
configure:18859: checking sys/uio.h usability
configure:18871: x86_64-linux-gnu-gcc -c -Wall -g -O2  conftest.c >&5
configure:18877: $? = 0
configure:18880: test -z 			 || test ! -s conftest.err
configure:18883: $? = 0
configure:18886: test -s conftest.o
configure:18889: $? = 0
configure:18899: result: yes
configure:18903: checking sys/uio.h presence
configure:18913: x86_64-linux-gnu-gcc -E  conftest.c
configure:18919: $? = 0
configure:18939: result: yes
configure:18974: checking for sys/uio.h
configure:18981: result: yes
configure:18859: checking sys/wait.h usability
configure:18871: x86_64-linux-gnu-gcc -c -Wall -g -O2  conftest.c >&5
configure:18877: $? = 0
configure:18880: test -z 			 || test ! -s conftest.err
configure:18883: $? = 0
configure:18886: test -s conftest.o
configure:18889: $? = 0
configure:18899: result: yes
configure:18903: checking sys/wait.h presence
configure:18913: x86_64-linux-gnu-gcc -E  conftest.c
configure:18919: $? = 0
configure:18939: result: yes
configure:18974: checking for sys/wait.h
configure:18981: result: yes
configure:18850: checking for unistd.h
configure:18855: result: yes
configure:18996: checking for an ANSI C-conforming const
configure:19063: x86_64-linux-gnu-gcc -c -Wall -g -O2  conftest.c >&5
conftest.c: In function 'main':
conftest.c:72:17: warning: unused variable 's' [-Wunused-variable]
     char const *s = 0 ? (char *) 0 : (char const *) 0;
                 ^
conftest.c:92:15: warning: unused variable 'foo' [-Wunused-variable]
     const int foo = 10;
               ^
conftest.c:59:29: warning: unused variable 'zero' [-Wunused-variable]
   static struct point const zero = {0,0};
                             ^
conftest.c:53:17: warning: unused variable 'x' [-Wunused-variable]
   const charset x;
                 ^
conftest.c:74:7: warning: 't' is used uninitialized in this function [-Wuninitialized]
     *t++ = 0;
       ^
conftest.c:89:23: warning: 'b' is used uninitialized in this function [-Wuninitialized]
     struct s *b; b->j = 5;
                       ^
configure:19069: $? = 0
configure:19072: test -z 			 || test ! -s conftest.err
configure:19075: $? = 0
configure:19078: test -s conftest.o
configure:19081: $? = 0
configure:19092: result: yes
configure:19105: checking whether x86_64-linux-gnu-gcc needs -traditional
configure:19147: result: no
configure:19156: checking whether compiler supports -fno-omit-frame-pointer
configure:19175: x86_64-linux-gnu-gcc -c -fno-omit-frame-pointer -Wall -g -O2  conftest.c >&5
configure:19181: $? = 0
configure:19184: test -z 			 || test ! -s conftest.err
configure:19187: $? = 0
configure:19190: test -s conftest.o
configure:19193: $? = 0
configure:19197: result: yes
configure:19328: creating ./config.status

## ---------------------- ##
## Running config.status. ##
## ---------------------- ##

This file was extended by coredumper config.status 1.2.1, which was
generated by GNU Autoconf 2.59.  Invocation command line was

  CONFIG_FILES    = 
  CONFIG_HEADERS  = 
  CONFIG_LINKS    = 
  CONFIG_COMMANDS = 
  $ ./config.status 

on aspireOne

config.status:755: creating Makefile
config.status:821: creating src/config.h
config.status:1158: executing depfiles commands

## ---------------- ##
## Cache variables. ##
## ---------------- ##

ac_cv_build=x86_64-pc-linux-gnu
ac_cv_build_alias=x86_64-linux-gnu
ac_cv_c_compiler_gnu=yes
ac_cv_c_const=yes
ac_cv_cxx_compiler_gnu=yes
ac_cv_env_CC_set=
ac_cv_env_CC_value=
ac_cv_env_CFLAGS_set=set
ac_cv_env_CFLAGS_value='-Wall -g -O2'
ac_cv_env_CPPFLAGS_set=
ac_cv_env_CPPFLAGS_value=
ac_cv_env_CPP_set=
ac_cv_env_CPP_value=
ac_cv_env_CXXCPP_set=
ac_cv_env_CXXCPP_value=
ac_cv_env_CXXFLAGS_set=
ac_cv_env_CXXFLAGS_value=
ac_cv_env_CXX_set=
ac_cv_env_CXX_value=
ac_cv_env_F77_set=
ac_cv_env_F77_value=
ac_cv_env_FFLAGS_set=
ac_cv_env_FFLAGS_value=
ac_cv_env_LDFLAGS_set=
ac_cv_env_LDFLAGS_value=
ac_cv_env_build_alias_set=set
ac_cv_env_build_alias_value=x86_64-linux-gnu
ac_cv_env_host_alias_set=set
ac_cv_env_host_alias_value=x86_64-linux-gnu
ac_cv_env_target_alias_set=
ac_cv_env_target_alias_value=
ac_cv_exeext=
ac_cv_f77_compiler_gnu=yes
ac_cv_header_dlfcn_h=yes
ac_cv_header_elf_h=yes
ac_cv_header_errno_h=yes
ac_cv_header_fcntl_h=yes
ac_cv_header_inttypes_h=yes
ac_cv_header_linux_unistd_h=yes
ac_cv_header_memory_h=yes
ac_cv_header_pthread_h=yes
ac_cv_header_signal_h=yes
ac_cv_header_stdc=yes
ac_cv_header_stdint_h=yes
ac_cv_header_stdlib_h=yes
ac_cv_header_string_h=yes
ac_cv_header_strings_h=yes
ac_cv_header_sys_prctl_h=yes
ac_cv_header_sys_ptrace_h=yes
ac_cv_header_sys_resource_h=yes
ac_cv_header_sys_socket_h=yes
ac_cv_header_sys_stat_h=yes
ac_cv_header_sys_sysctl_h=yes
ac_cv_header_sys_time_h=yes
ac_cv_header_sys_types_h=yes
ac_cv_header_sys_uio_h=yes
ac_cv_header_sys_wait_h=yes
ac_cv_header_unistd_h=yes
ac_cv_host=x86_64-pc-linux-gnu
ac_cv_host_alias=x86_64-linux-gnu
ac_cv_objext=o
ac_cv_path_install='/usr/bin/install -c'
ac_cv_prog_AR=x86_64-linux-gnu-ar
ac_cv_prog_AWK=mawk
ac_cv_prog_CC=x86_64-linux-gnu-gcc
ac_cv_prog_CPP='x86_64-linux-gnu-gcc -E'
ac_cv_prog_CXX=x86_64-linux-gnu-g++
ac_cv_prog_CXXCPP='x86_64-linux-gnu-g++ -E'
ac_cv_prog_F77=x86_64-linux-gnu-gfortran
ac_cv_prog_RANLIB=x86_64-linux-gnu-ranlib
ac_cv_prog_STRIP=x86_64-linux-gnu-strip
ac_cv_prog_cc_g=yes
ac_cv_prog_cc_stdc=
ac_cv_prog_cxx_g=yes
ac_cv_prog_egrep='grep -E'
ac_cv_prog_f77_g=yes
ac_cv_prog_gcc_traditional=no
ac_cv_prog_make_make_set=yes
am_cv_CC_dependencies_compiler_type=gcc3
am_cv_CXX_dependencies_compiler_type=gcc3
lt_cv_deplibs_check_method=pass_all
lt_cv_file_magic_cmd='$MAGIC_CMD'
lt_cv_file_magic_test_file=
lt_cv_ld_reload_flag=-r
lt_cv_objdir=.libs
lt_cv_path_LD=/usr/bin/ld
lt_cv_path_LDCXX='/usr/bin/ld -m elf_x86_64'
lt_cv_path_NM='/usr/bin/nm -B'
lt_cv_path_SED=/bin/sed
lt_cv_prog_compiler_c_o=yes
lt_cv_prog_compiler_c_o_CXX=yes
lt_cv_prog_compiler_c_o_F77=yes
lt_cv_prog_compiler_rtti_exceptions=no
lt_cv_prog_gnu_ld=yes
lt_cv_prog_gnu_ldcxx=yes
lt_cv_sys_global_symbol_pipe='sed -n -e '\''s/^.*[ 	]\([ABCDGIRSTW][ABCDGIRSTW]*\)[ 	][ 	]*\([_A-Za-z][_A-Za-z0-9]*\)$/\1 \2 \2/p'\'''
lt_cv_sys_global_symbol_to_c_name_address='sed -n -e '\''s/^: \([^ ]*\) $/  {\"\1\", (lt_ptr) 0},/p'\'' -e '\''s/^[BCDEGRST] \([^ ]*\) \([^ ]*\)$/  {"\2", (lt_ptr) \&\2},/p'\'''
lt_cv_sys_global_symbol_to_cdecl='sed -n -e '\''s/^. .* \(.*\)$/extern int \1;/p'\'''
lt_cv_sys_max_cmd_len=32768
lt_lt_cv_prog_compiler_c_o='"yes"'
lt_lt_cv_prog_compiler_c_o_CXX='"yes"'
lt_lt_cv_prog_compiler_c_o_F77='"yes"'
lt_lt_cv_sys_global_symbol_pipe='"sed -n -e '\''s/^.*[ 	]\\([ABCDGIRSTW][ABCDGIRSTW]*\\)[ 	][ 	]*\\([_A-Za-z][_A-Za-z0-9]*\\)\$/\\1 \\2 \\2/p'\''"'
lt_lt_cv_sys_global_symbol_to_c_name_address='"sed -n -e '\''s/^: \\([^ ]*\\) \$/  {\\\"\\1\\\", (lt_ptr) 0},/p'\'' -e '\''s/^[BCDEGRST] \\([^ ]*\\) \\([^ ]*\\)\$/  {\"\\2\", (lt_ptr) \\&\\2},/p'\''"'
lt_lt_cv_sys_global_symbol_to_cdecl='"sed -n -e '\''s/^. .* \\(.*\\)\$/extern int \\1;/p'\''"'

## ----------------- ##
## Output variables. ##
## ----------------- ##

ACLOCAL='${SHELL} /home/luis/coredumper-1.2.1/missing --run aclocal-1.9'
AMDEPBACKSLASH='\'
AMDEP_FALSE='#'
AMDEP_TRUE=''
AMTAR='${SHELL} /home/luis/coredumper-1.2.1/missing --run tar'
AM_CFLAGS=' -fno-omit-frame-pointer'
AR='x86_64-linux-gnu-ar'
AUTOCONF='${SHELL} /home/luis/coredumper-1.2.1/missing --run autoconf'
AUTOHEADER='${SHELL} /home/luis/coredumper-1.2.1/missing --run autoheader'
AUTOMAKE='${SHELL} /home/luis/coredumper-1.2.1/missing --run automake-1.9'
AWK='mawk'
CC='x86_64-linux-gnu-gcc'
CCDEPMODE='depmode=gcc3'
CFLAGS='-Wall -g -O2'
CPP='x86_64-linux-gnu-gcc -E'
CPPFLAGS=''
CXX='x86_64-linux-gnu-g++'
CXXCPP='x86_64-linux-gnu-g++ -E'
CXXDEPMODE='depmode=gcc3'
CXXFLAGS='-g -O2'
CYGPATH_W='echo'
DEFS='-DHAVE_CONFIG_H'
DEPDIR='.deps'
ECHO='echo'
ECHO_C=''
ECHO_N='-n'
ECHO_T=''
EGREP='grep -E'
EXEEXT=''
F77='x86_64-linux-gnu-gfortran'
FFLAGS='-g -O2'
INSTALL_DATA='${INSTALL} -m 644'
INSTALL_PROGRAM='${INSTALL}'
INSTALL_SCRIPT='${INSTALL}'
INSTALL_STRIP_PROGRAM='${SHELL} $(install_sh) -c -s'
LDFLAGS=''
LIBOBJS=''
LIBS=''
LIBTOOL='$(SHELL) $(top_builddir)/libtool'
LIBTOOL_DEPS='./ltmain.sh'
LN_S='ln -s'
LTLIBOBJS=''
MAKEINFO='${SHELL} /home/luis/coredumper-1.2.1/missing --run makeinfo'
OBJEXT='o'
PACKAGE='coredumper'
PACKAGE_BUGREPORT='opensource@google.com'
PACKAGE_NAME='coredumper'
PACKAGE_STRING='coredumper 1.2.1'
PACKAGE_TARNAME='coredumper'
PACKAGE_VERSION='1.2.1'
PATH_SEPARATOR=':'
RANLIB='x86_64-linux-gnu-ranlib'
SET_MAKE=''
SHELL='/bin/bash'
STRIP='x86_64-linux-gnu-strip'
VERSION='1.2.1'
ac_ct_AR=''
ac_ct_CC=''
ac_ct_CXX=''
ac_ct_F77=''
ac_ct_RANLIB=''
ac_ct_STRIP=''
am__fastdepCC_FALSE='#'
am__fastdepCC_TRUE=''
am__fastdepCXX_FALSE='#'
am__fastdepCXX_TRUE=''
am__include='include'
am__leading_dot='.'
am__quote=''
am__tar='${AMTAR} chof - "$$tardir"'
am__untar='${AMTAR} xf -'
bindir='${exec_prefix}/bin'
build='x86_64-pc-linux-gnu'
build_alias='x86_64-linux-gnu'
build_cpu='x86_64'
build_os='linux-gnu'
build_vendor='pc'
datadir='${prefix}/share'
exec_prefix='${prefix}'
host='x86_64-pc-linux-gnu'
host_alias='x86_64-linux-gnu'
host_cpu='x86_64'
host_os='linux-gnu'
host_vendor='pc'
includedir='${prefix}/include'
infodir='${prefix}/share/info'
install_sh='/home/luis/coredumper-1.2.1/install-sh'
libdir='${exec_prefix}/lib'
libexecdir='${exec_prefix}/libexec'
localstatedir='${prefix}/var'
mandir='${prefix}/share/man'
mkdir_p='mkdir -p --'
oldincludedir='/usr/include'
prefix='/usr'
program_transform_name='s,x,x,'
sbindir='${exec_prefix}/sbin'
sharedstatedir='${prefix}/com'
sysconfdir='${prefix}/etc'
target_alias=''

## ----------- ##
## confdefs.h. ##
## ----------- ##

#define HAVE_DLFCN_H 1
#define HAVE_ELF_H 1
#define HAVE_ERRNO_H 1
#define HAVE_FCNTL_H 1
#define HAVE_INTTYPES_H 1
#define HAVE_LINUX_UNISTD_H 1
#define HAVE_MEMORY_H 1
#define HAVE_PTHREAD_H 1
#define HAVE_SIGNAL_H 1
#define HAVE_STDINT_H 1
#define HAVE_STDLIB_H 1
#define HAVE_STDLIB_H 1
#define HAVE_STRINGS_H 1
#define HAVE_STRING_H 1
#define HAVE_STRING_H 1
#define HAVE_SYS_PRCTL_H 1
#define HAVE_SYS_PTRACE_H 1
#define HAVE_SYS_RESOURCE_H 1
#define HAVE_SYS_SOCKET_H 1
#define HAVE_SYS_STAT_H 1
#define HAVE_SYS_STAT_H 1
#define HAVE_SYS_SYSCTL_H 1
#define HAVE_SYS_TIME_H 1
#define HAVE_SYS_TYPES_H 1
#define HAVE_SYS_TYPES_H 1
#define HAVE_SYS_UIO_H 1
#define HAVE_SYS_WAIT_H 1
#define HAVE_UNISTD_H 1
#define HAVE_UNISTD_H 1
#define PACKAGE "coredumper"
#define PACKAGE_BUGREPORT "opensource@google.com"
#define PACKAGE_NAME "coredumper"
#define PACKAGE_STRING "coredumper 1.2.1"
#define PACKAGE_TARNAME "coredumper"
#define PACKAGE_VERSION "1.2.1"
#define STDC_HEADERS 1
#define STDC_HEADERS 1
#define VERSION "1.2.1"
#endif
#ifdef __cplusplus
extern "C" void exit (int) throw ();

configure: exit 0
